<?xml version="1.0" encoding="UTF-8"?>
<!-- Generated by org.testng.reporters.JUnitReportReporter -->
<testsuite skipped="0" hostname="DESKTOP-CBS1FL6" name="E2ETestCases.ruff" tests="1" failures="0" timestamp="2020-01-14T20:46:57 EST" time="0.680" errors="0">
  <testcase name="ShowName" time="0.680" classname="E2ETestCases.ruff"/>
</testsuite> <!-- E2ETestCases.ruff -->
