<?xml version="1.0" encoding="UTF-8"?>
<!-- Generated by org.testng.reporters.JUnitReportReporter -->
<testsuite skipped="0" hostname="DESKTOP-CBS1FL6" name="E2ETestCases.HomePage" tests="1" failures="0" timestamp="2020-01-14T20:46:57 EST" time="3.720" errors="0">
  <testcase name="loginClick" time="3.720" classname="E2ETestCases.HomePage"/>
</testsuite> <!-- E2ETestCases.HomePage -->
