<?xml version="1.0" encoding="UTF-8"?>
<!-- Generated by org.testng.reporters.JUnitReportReporter -->
<testsuite skipped="0" hostname="DESKTOP-CBS1FL6" name="E2ETestCases.HomePage" tests="1" failures="0" timestamp="25 Dec 2019 03:32:32 GMT" time="4.425" errors="0">
  <testcase name="loginClick" time="4.425" classname="E2ETestCases.HomePage"/>
</testsuite> <!-- E2ETestCases.HomePage -->
